<?xml version="1.0" encoding="UTF-8"?>
<!-- Generated by org.testng.reporters.JUnitReportReporter -->
<testsuite hostname="DESKTOP-2GA0MMH" failures="0" tests="1" name="day3.Loggers" time="1.402" errors="0" timestamp="2025-03-26T17:08:38 IST" skipped="0">
  <testcase classname="day3.Loggers" name="testLogs" time="1.402"/>
  <system-out/>
</testsuite> <!-- day3.Loggers -->
