<?xml version="1.0" encoding="UTF-8"?>
<!-- Generated by org.testng.reporters.JUnitReportReporter -->
<testsuite hostname="DESKTOP-2GA0MMH" failures="0" tests="2" name="day1.HTTPRequests" time="2.817" errors="0" timestamp="2025-05-04T22:53:02 IST" skipped="0">
  <testcase classname="day1.HTTPRequests" name="createUser" time="2.375"/>
  <system-out/>
  <testcase classname="day1.HTTPRequests" name="updateUser" time="0.442"/>
  <system-out/>
</testsuite> <!-- day1.HTTPRequests -->
