<?xml version="1.0" encoding="UTF-8"?>
<!-- Generated by org.testng.reporters.JUnitReportReporter -->
<testsuite hostname="DESKTOP-2GA0MMH" failures="0" tests="1" name="day3.HeadersDemo" time="1.425" errors="0" timestamp="2025-05-06T00:03:06 IST" skipped="0">
  <testcase classname="day3.HeadersDemo" name="getHeaders" time="1.425"/>
  <system-out/>
</testsuite> <!-- day3.HeadersDemo -->
