<?xml version="1.0" encoding="UTF-8"?>
<!-- Generated by org.testng.reporters.JUnitReportReporter -->
<testsuite hostname="DESKTOP-2GA0MMH" failures="0" tests="1" name="day3.PathQueryParameters" time="2.050" errors="0" timestamp="2025-03-18T23:23:34 IST" skipped="0">
  <testcase classname="day3.PathQueryParameters" name="TestQueryAndPathParameters" time="2.050"/>
  <system-out/>
</testsuite> <!-- day3.PathQueryParameters -->
