<?xml version="1.0" encoding="UTF-8"?>
<!-- Generated by org.testng.reporters.JUnitReportReporter -->
<testsuite hostname="DESKTOP-2GA0MMH" failures="0" tests="1" name="day2.DifferentWaysToCreatePOSTRequestBody" time="1.918" errors="0" timestamp="2025-05-05T22:44:43 IST" skipped="0">
  <testcase classname="day2.DifferentWaysToCreatePOSTRequestBody" name="postUsingHashMap" time="1.918"/>
  <system-out/>
</testsuite> <!-- day2.DifferentWaysToCreatePOSTRequestBody -->
