<?xml version="1.0" encoding="UTF-8"?>
<!-- Generated by org.testng.reporters.JUnitReportReporter -->
<testsuite hostname="DESKTOP-2GA0MMH" failures="0" tests="4" name="day1.HTTPRequests" time="3.342" errors="0" timestamp="2025-03-16T16:30:05 IST" skipped="0">
  <testcase classname="day1.HTTPRequests" name="getUsers" time="2.066"/>
  <system-out/>
  <testcase classname="day1.HTTPRequests" name="createUser" time="0.703"/>
  <system-out/>
  <testcase classname="day1.HTTPRequests" name="updateUser" time="0.381"/>
  <system-out/>
  <testcase classname="day1.HTTPRequests" name="deleteUser" time="0.192"/>
  <system-out/>
</testsuite> <!-- day1.HTTPRequests -->
