<?xml version="1.0" encoding="UTF-8"?>
<!-- Generated by org.testng.reporters.JUnitReportReporter -->
<testsuite hostname="DESKTOP-2GA0MMH" failures="0" tests="2" name="day3.HeadersDemo" time="2.590" errors="0" timestamp="2025-03-26T14:05:45 IST" skipped="0">
  <testcase classname="day3.HeadersDemo" name="testHeaders" time="1.859"/>
  <system-out/>
  <testcase classname="day3.HeadersDemo" name="getHeaders" time="0.731"/>
  <system-out/>
</testsuite> <!-- day3.HeadersDemo -->
