<?xml version="1.0" encoding="UTF-8"?>
<!-- Generated by org.testng.reporters.JUnitReportReporter -->
<testsuite hostname="DESKTOP-2GA0MMH" failures="0" tests="1" name="day3.CookiesDemo" time="1.468" errors="0" timestamp="2025-05-05T23:56:02 IST" skipped="0">
  <testcase classname="day3.CookiesDemo" name="testCookies" time="1.468"/>
  <system-out/>
</testsuite> <!-- day3.CookiesDemo -->
