<?xml version="1.0" encoding="UTF-8"?>
<!-- Generated by org.testng.reporters.JUnitReportReporter -->
<testsuite hostname="DESKTOP-2GA0MMH" failures="0" tests="1" name="day3.CookiesDemo" time="1.999" errors="0" timestamp="2025-03-26T14:04:40 IST" skipped="0">
  <testcase classname="day3.CookiesDemo" name="getCookiesInfo" time="1.999"/>
  <system-out/>
</testsuite> <!-- day3.CookiesDemo -->
